2023-12-04 21:52:34 info: tempDirectory:c:\Users\VKG\.vscode\extensions\embold-vscode.embold-0.1.6\temp
2023-12-04 21:52:34 info: Congratulations, your extension "Embold" is now active!
2023-12-04 21:52:34 info: Current Version Of Embold
2023-12-04 21:52:34 info: 0.1.6
2023-12-04 21:52:34 info: Extraction complete for source: c:\Users\VKG\.vscode\extensions\embold-vscode.embold-0.1.6\resources\embold-scanner-archive.zip, destination: c:\Users\VKG\.vscode\extensions\embold-vscode.embold-0.1.6\temp
2023-12-04 21:52:35 info: Embold extension version response:
2023-12-04 21:52:35 info: {"hasSupport":false}
2023-12-04 21:52:35 info: current version : 
2023-12-04 21:52:35 info: latest version : 
2023-12-05 00:23:09 info: tempDirectory:c:\Users\VKG\.vscode\extensions\embold-vscode.embold-0.1.6\temp
2023-12-05 00:23:09 info: Congratulations, your extension "Embold" is now active!
2023-12-05 00:23:09 info: Current Version Of Embold
2023-12-05 00:23:09 info: 0.1.6
2023-12-05 00:23:09 info: Extraction complete for source: c:\Users\VKG\.vscode\extensions\embold-vscode.embold-0.1.6\resources\embold-scanner-archive.zip, destination: c:\Users\VKG\.vscode\extensions\embold-vscode.embold-0.1.6\temp
2023-12-05 00:23:11 info: Embold extension version response:
2023-12-05 00:23:11 info: {"hasSupport":false}
2023-12-05 00:23:11 info: current version : 
2023-12-05 00:23:11 info: latest version : 
2023-12-05 00:50:15 error: SQLITE_ERROR: no such table: issues
2023-12-05 00:50:15 error: SQLITE_ERROR: no such table: issues
2023-12-05 00:50:15 error: SQLITE_ERROR: no such table: issues
2023-12-05 00:50:15 error: SQLITE_ERROR: no such table: issues
2023-12-05 00:50:15 error: SQLITE_ERROR: no such table: issues
2023-12-05 00:50:15 error: SQLITE_ERROR: no such table: issues
2023-12-05 00:50:15 error: SQLITE_ERROR: no such table: issues
2023-12-05 00:50:15 error: SQLITE_ERROR: no such table: issues
2023-12-05 00:50:15 error: SQLITE_ERROR: no such table: issues
2023-12-05 00:50:15 error: SQLITE_ERROR: no such table: issues
2023-12-05 00:50:15 error: SQLITE_ERROR: no such table: issues
2023-12-05 00:50:16 error: SQLITE_ERROR: no such table: issues
2023-12-05 00:50:16 error: SQLITE_ERROR: no such table: issues
2023-12-05 00:50:16 error: SQLITE_ERROR: no such table: issues
2023-12-05 00:50:16 error: SQLITE_ERROR: no such table: issues
2023-12-05 00:50:16 error: SQLITE_ERROR: no such table: issues
2023-12-05 00:50:16 error: SQLITE_ERROR: no such table: issues
2023-12-05 00:50:16 error: SQLITE_ERROR: no such table: issues
2023-12-05 00:50:16 error: SQLITE_ERROR: no such table: issues
2023-12-05 00:50:16 error: SQLITE_ERROR: no such table: issues
2023-12-05 00:50:16 error: SQLITE_ERROR: no such table: issues
2023-12-05 00:50:16 error: SQLITE_ERROR: no such table: issues
2023-12-05 00:50:16 error: SQLITE_ERROR: no such table: issues
2023-12-05 00:50:16 error: SQLITE_ERROR: no such table: issues
2023-12-05 00:50:16 error: SQLITE_ERROR: no such table: issues
2023-12-05 00:50:17 error: SQLITE_ERROR: no such table: issues
2023-12-05 00:50:17 error: SQLITE_ERROR: no such table: issues
2023-12-05 00:50:17 error: SQLITE_ERROR: no such table: issues
2023-12-05 00:50:17 error: SQLITE_ERROR: no such table: issues
2023-12-05 00:50:17 error: SQLITE_ERROR: no such table: issues
2023-12-05 00:50:17 error: SQLITE_ERROR: no such table: issues
2023-12-05 00:50:17 error: SQLITE_ERROR: no such table: issues
2023-12-05 00:50:17 error: SQLITE_ERROR: no such table: issues
2023-12-05 00:50:17 error: SQLITE_ERROR: no such table: issues
2023-12-05 00:50:17 error: SQLITE_ERROR: no such table: issues
2023-12-05 00:50:17 error: SQLITE_ERROR: no such table: issues
2023-12-05 00:50:17 error: SQLITE_ERROR: no such table: issues
2023-12-05 00:50:17 error: SQLITE_ERROR: no such table: issues
2023-12-05 00:50:17 error: SQLITE_ERROR: no such table: issues
2023-12-05 00:50:17 error: SQLITE_ERROR: no such table: issues
2023-12-05 00:50:17 error: SQLITE_ERROR: no such table: issues
2023-12-05 00:50:17 error: SQLITE_ERROR: no such table: issues
2023-12-05 00:50:17 error: SQLITE_ERROR: no such table: issues
2023-12-05 00:50:17 error: SQLITE_ERROR: no such table: issues
2023-12-05 00:50:17 error: SQLITE_ERROR: no such table: issues
2023-12-05 00:50:17 error: SQLITE_ERROR: no such table: issues
2023-12-05 00:50:17 error: SQLITE_ERROR: no such table: issues
2023-12-05 00:50:17 error: SQLITE_ERROR: no such table: issues
2023-12-05 00:50:17 error: SQLITE_ERROR: no such table: issues
2023-12-05 00:50:17 error: SQLITE_ERROR: no such table: issues
2023-12-05 00:50:17 error: SQLITE_ERROR: no such table: issues
2023-12-05 00:50:17 error: SQLITE_ERROR: no such table: issues
2023-12-05 00:50:17 error: SQLITE_ERROR: no such table: issues
2023-12-05 00:50:17 error: SQLITE_ERROR: no such table: issues
2023-12-05 00:50:17 error: SQLITE_ERROR: no such table: issues
2023-12-05 00:50:17 error: SQLITE_ERROR: no such table: issues
2023-12-05 00:50:17 error: SQLITE_ERROR: no such table: issues
2023-12-05 00:50:17 error: SQLITE_ERROR: no such table: issues
2023-12-05 00:50:17 error: SQLITE_ERROR: no such table: issues
2023-12-05 00:50:17 error: SQLITE_ERROR: no such table: issues
2023-12-05 00:50:17 error: SQLITE_ERROR: no such table: issues
2023-12-05 00:50:17 error: SQLITE_ERROR: no such table: issues
2023-12-05 00:50:17 error: SQLITE_ERROR: no such table: issues
2023-12-05 00:50:17 error: SQLITE_ERROR: no such table: issues
2023-12-05 00:50:17 error: SQLITE_ERROR: no such table: issues
2023-12-05 00:50:17 error: SQLITE_ERROR: no such table: issues
2023-12-05 00:50:17 error: SQLITE_ERROR: no such table: issues
2023-12-05 00:50:18 error: SQLITE_ERROR: no such table: issues
2023-12-05 00:50:18 error: SQLITE_ERROR: no such table: issues
2023-12-05 00:50:18 error: SQLITE_ERROR: no such table: issues
2023-12-05 00:50:18 error: SQLITE_ERROR: no such table: issues
2023-12-05 00:50:19 error: SQLITE_ERROR: no such table: issues
2023-12-05 00:50:19 error: SQLITE_ERROR: no such table: issues
2023-12-05 00:50:19 error: SQLITE_ERROR: no such table: issues
2023-12-05 00:50:19 error: SQLITE_ERROR: no such table: issues
2023-12-05 00:50:19 error: SQLITE_ERROR: no such table: issues
2023-12-05 00:50:19 error: SQLITE_ERROR: no such table: issues
2023-12-05 00:50:19 error: SQLITE_ERROR: no such table: issues
2023-12-05 00:50:19 error: SQLITE_ERROR: no such table: issues
2023-12-05 00:50:19 error: SQLITE_ERROR: no such table: issues
2023-12-05 00:50:19 error: SQLITE_ERROR: no such table: issues
2023-12-05 00:50:19 error: SQLITE_ERROR: no such table: issues
2023-12-05 00:50:19 error: SQLITE_ERROR: no such table: issues
2023-12-05 00:50:19 error: SQLITE_ERROR: no such table: issues
2023-12-05 00:50:19 error: SQLITE_ERROR: no such table: issues
2023-12-05 00:50:19 error: SQLITE_ERROR: no such table: issues
2023-12-05 00:50:19 error: SQLITE_ERROR: no such table: issues
2023-12-05 00:50:19 error: SQLITE_ERROR: no such table: issues
2023-12-05 00:50:19 error: SQLITE_ERROR: no such table: issues
2023-12-05 00:50:19 error: SQLITE_ERROR: no such table: issues
2023-12-05 00:50:19 error: SQLITE_ERROR: no such table: issues
2023-12-05 00:50:19 error: SQLITE_ERROR: no such table: issues
2023-12-05 00:50:19 error: SQLITE_ERROR: no such table: issues
2023-12-05 00:50:19 error: SQLITE_ERROR: no such table: issues
2023-12-05 00:50:19 error: SQLITE_ERROR: no such table: issues
2023-12-05 00:50:20 error: SQLITE_ERROR: no such table: issues
2023-12-05 00:50:20 error: SQLITE_ERROR: no such table: issues
2023-12-05 00:50:20 error: SQLITE_ERROR: no such table: issues
2023-12-05 00:50:20 error: SQLITE_ERROR: no such table: issues
2023-12-05 00:50:20 error: SQLITE_ERROR: no such table: issues
2023-12-05 00:50:20 error: SQLITE_ERROR: no such table: issues
2023-12-05 00:50:20 error: SQLITE_ERROR: no such table: issues
2023-12-05 00:50:20 error: SQLITE_ERROR: no such table: issues
2023-12-05 00:50:20 error: SQLITE_ERROR: no such table: issues
2023-12-05 00:50:20 error: SQLITE_ERROR: no such table: issues
2023-12-05 00:50:20 error: SQLITE_ERROR: no such table: issues
2023-12-05 00:50:20 error: SQLITE_ERROR: no such table: issues
2023-12-05 00:50:20 error: SQLITE_ERROR: no such table: issues
2023-12-05 00:50:20 error: SQLITE_ERROR: no such table: issues
2023-12-05 00:50:20 error: SQLITE_ERROR: no such table: issues
2023-12-05 00:50:20 error: SQLITE_ERROR: no such table: issues
2023-12-05 00:50:20 error: SQLITE_ERROR: no such table: issues
2023-12-05 00:50:20 error: SQLITE_ERROR: no such table: issues
2023-12-05 00:50:20 error: SQLITE_ERROR: no such table: issues
2023-12-05 00:50:20 error: SQLITE_ERROR: no such table: issues
2023-12-05 00:50:20 error: SQLITE_ERROR: no such table: issues
2023-12-05 00:50:20 error: SQLITE_ERROR: no such table: issues
2023-12-05 00:50:20 error: SQLITE_ERROR: no such table: issues
2023-12-05 00:50:20 error: SQLITE_ERROR: no such table: issues
2023-12-05 00:50:20 error: SQLITE_ERROR: no such table: issues
2023-12-05 00:50:20 error: SQLITE_ERROR: no such table: issues
2023-12-05 00:50:20 error: SQLITE_ERROR: no such table: issues
2023-12-05 00:50:20 error: SQLITE_ERROR: no such table: issues
2023-12-05 00:50:20 error: SQLITE_ERROR: no such table: issues
2023-12-05 00:50:20 error: SQLITE_ERROR: no such table: issues
2023-12-05 00:50:20 error: SQLITE_ERROR: no such table: issues
2023-12-05 00:50:20 error: SQLITE_ERROR: no such table: issues
2023-12-05 00:50:20 error: SQLITE_ERROR: no such table: issues
2023-12-05 00:50:20 error: SQLITE_ERROR: no such table: issues
2023-12-05 00:50:20 error: SQLITE_ERROR: no such table: issues
2023-12-05 00:50:20 error: SQLITE_ERROR: no such table: issues
2023-12-05 00:50:20 error: SQLITE_ERROR: no such table: issues
2023-12-05 00:50:20 error: SQLITE_ERROR: no such table: issues
2023-12-05 00:50:20 error: SQLITE_ERROR: no such table: issues
2023-12-05 00:50:20 error: SQLITE_ERROR: no such table: issues
2023-12-05 00:50:20 error: SQLITE_ERROR: no such table: issues
2023-12-05 00:50:20 error: SQLITE_ERROR: no such table: issues
2023-12-05 00:50:20 error: SQLITE_ERROR: no such table: issues
2023-12-05 00:50:20 error: SQLITE_ERROR: no such table: issues
2023-12-05 00:50:20 error: SQLITE_ERROR: no such table: issues
2023-12-05 00:50:20 error: SQLITE_ERROR: no such table: issues
2023-12-05 00:50:21 error: SQLITE_ERROR: no such table: issues
2023-12-05 00:50:21 error: SQLITE_ERROR: no such table: issues
2023-12-05 00:50:21 error: SQLITE_ERROR: no such table: issues
2023-12-05 00:50:21 error: SQLITE_ERROR: no such table: issues
2023-12-05 00:50:21 error: SQLITE_ERROR: no such table: issues
2023-12-05 00:50:21 error: SQLITE_ERROR: no such table: issues
2023-12-05 00:50:21 error: SQLITE_ERROR: no such table: issues
2023-12-05 00:50:21 error: SQLITE_ERROR: no such table: issues
2023-12-05 00:50:22 error: SQLITE_ERROR: no such table: issues
2023-12-05 00:50:22 error: SQLITE_ERROR: no such table: issues
2023-12-05 00:50:22 error: SQLITE_ERROR: no such table: issues
2023-12-05 00:50:22 error: SQLITE_ERROR: no such table: issues
2023-12-05 00:50:22 error: SQLITE_ERROR: no such table: issues
2023-12-05 00:50:23 error: SQLITE_ERROR: no such table: issues
2023-12-05 00:50:23 error: SQLITE_ERROR: no such table: issues
2023-12-05 00:50:23 error: SQLITE_ERROR: no such table: issues
2023-12-05 00:50:23 error: SQLITE_ERROR: no such table: issues
2023-12-05 00:50:23 error: SQLITE_ERROR: no such table: issues
2023-12-05 00:50:23 error: SQLITE_ERROR: no such table: issues
2023-12-05 00:50:24 error: SQLITE_ERROR: no such table: issues
2023-12-05 00:50:24 error: SQLITE_ERROR: no such table: issues
2023-12-05 00:50:24 error: SQLITE_ERROR: no such table: issues
2023-12-05 00:50:24 error: SQLITE_ERROR: no such table: issues
2023-12-05 00:50:24 error: SQLITE_ERROR: no such table: issues
2023-12-05 00:50:24 error: SQLITE_ERROR: no such table: issues
2023-12-05 00:50:24 error: SQLITE_ERROR: no such table: issues
2023-12-05 00:50:25 error: SQLITE_ERROR: no such table: issues
2023-12-05 00:50:25 error: SQLITE_ERROR: no such table: issues
2023-12-05 00:50:25 error: SQLITE_ERROR: no such table: issues
2023-12-05 00:50:25 error: SQLITE_ERROR: no such table: issues
2023-12-05 00:50:25 error: SQLITE_ERROR: no such table: issues
2023-12-05 00:50:25 error: SQLITE_ERROR: no such table: issues
2023-12-05 00:50:25 error: SQLITE_ERROR: no such table: issues
2023-12-05 00:50:25 error: SQLITE_ERROR: no such table: issues
2023-12-05 00:50:25 error: SQLITE_ERROR: no such table: issues
2023-12-05 00:50:25 error: SQLITE_ERROR: no such table: issues
2023-12-05 00:50:25 error: SQLITE_ERROR: no such table: issues
2023-12-05 00:50:25 error: SQLITE_ERROR: no such table: issues
2023-12-05 00:50:25 error: SQLITE_ERROR: no such table: issues
2023-12-05 00:50:26 error: SQLITE_ERROR: no such table: issues
2023-12-05 00:50:26 error: SQLITE_ERROR: no such table: issues
2023-12-05 00:50:26 error: SQLITE_ERROR: no such table: issues
2023-12-05 00:50:26 error: SQLITE_ERROR: no such table: issues
2023-12-05 00:50:26 error: SQLITE_ERROR: no such table: issues
2023-12-05 00:50:26 error: SQLITE_ERROR: no such table: issues
2023-12-05 00:50:26 error: SQLITE_ERROR: no such table: issues
2023-12-05 00:50:26 error: SQLITE_ERROR: no such table: issues
2023-12-05 00:50:26 error: SQLITE_ERROR: no such table: issues
2023-12-05 00:50:26 error: SQLITE_ERROR: no such table: issues
2023-12-05 00:50:26 error: SQLITE_ERROR: no such table: issues
2023-12-05 00:50:26 error: SQLITE_ERROR: no such table: issues
2023-12-05 00:50:26 error: SQLITE_ERROR: no such table: issues
2023-12-05 00:50:26 error: SQLITE_ERROR: no such table: issues
2023-12-05 00:50:26 error: SQLITE_ERROR: no such table: issues
2023-12-05 00:50:26 error: SQLITE_ERROR: no such table: issues
2023-12-05 00:50:26 error: SQLITE_ERROR: no such table: issues
2023-12-05 00:50:26 error: SQLITE_ERROR: no such table: issues
2023-12-05 00:50:26 error: SQLITE_ERROR: no such table: issues
2023-12-05 00:50:26 error: SQLITE_ERROR: no such table: issues
2023-12-05 00:50:26 error: SQLITE_ERROR: no such table: issues
2023-12-05 00:50:26 error: SQLITE_ERROR: no such table: issues
2023-12-05 00:50:26 error: SQLITE_ERROR: no such table: issues
2023-12-05 00:50:26 error: SQLITE_ERROR: no such table: issues
2023-12-05 00:50:26 error: SQLITE_ERROR: no such table: issues
2023-12-05 00:50:26 error: SQLITE_ERROR: no such table: issues
2023-12-05 00:50:26 error: SQLITE_ERROR: no such table: issues
2023-12-05 00:50:26 error: SQLITE_ERROR: no such table: issues
2023-12-05 00:50:26 error: SQLITE_ERROR: no such table: issues
2023-12-05 00:50:26 error: SQLITE_ERROR: no such table: issues
2023-12-05 00:50:26 error: SQLITE_ERROR: no such table: issues
2023-12-05 00:50:26 error: SQLITE_ERROR: no such table: issues
2023-12-05 00:50:26 error: SQLITE_ERROR: no such table: issues
2023-12-05 00:50:26 error: SQLITE_ERROR: no such table: issues
2023-12-05 00:50:26 error: SQLITE_ERROR: no such table: issues
2023-12-05 00:50:26 error: SQLITE_ERROR: no such table: issues
2023-12-05 00:50:27 error: SQLITE_ERROR: no such table: issues
2023-12-05 00:50:27 error: SQLITE_ERROR: no such table: issues
2023-12-05 00:50:28 error: SQLITE_ERROR: no such table: issues
2023-12-05 00:50:28 error: SQLITE_ERROR: no such table: issues
2023-12-05 00:50:28 error: SQLITE_ERROR: no such table: issues
2023-12-05 00:50:28 error: SQLITE_ERROR: no such table: issues
2023-12-05 00:50:28 error: SQLITE_ERROR: no such table: issues
2023-12-05 00:50:28 error: SQLITE_ERROR: no such table: issues
2023-12-05 00:50:28 error: SQLITE_ERROR: no such table: issues
2023-12-05 00:50:28 error: SQLITE_ERROR: no such table: issues
2023-12-05 00:50:28 error: SQLITE_ERROR: no such table: issues
2023-12-05 00:50:28 error: SQLITE_ERROR: no such table: issues
2023-12-05 00:50:28 error: SQLITE_ERROR: no such table: issues
2023-12-05 00:50:28 error: SQLITE_ERROR: no such table: issues
2023-12-05 00:50:28 error: SQLITE_ERROR: no such table: issues
2023-12-05 00:50:28 error: SQLITE_ERROR: no such table: issues
2023-12-05 00:50:28 error: SQLITE_ERROR: no such table: issues
2023-12-05 00:50:28 error: SQLITE_ERROR: no such table: issues
2023-12-05 00:50:28 error: SQLITE_ERROR: no such table: issues
2023-12-05 00:50:28 error: SQLITE_ERROR: no such table: issues
2023-12-05 00:50:28 error: SQLITE_ERROR: no such table: issues
2023-12-05 00:50:28 error: SQLITE_ERROR: no such table: issues
2023-12-05 00:50:28 error: SQLITE_ERROR: no such table: issues
2023-12-05 00:50:28 error: SQLITE_ERROR: no such table: issues
2023-12-05 00:50:28 error: SQLITE_ERROR: no such table: issues
2023-12-05 00:50:28 error: SQLITE_ERROR: no such table: issues
2023-12-05 00:50:28 error: SQLITE_ERROR: no such table: issues
2023-12-05 00:50:28 error: SQLITE_ERROR: no such table: issues
2023-12-05 00:50:28 error: SQLITE_ERROR: no such table: issues
2023-12-05 00:50:28 error: SQLITE_ERROR: no such table: issues
2023-12-05 00:50:28 error: SQLITE_ERROR: no such table: issues
2023-12-05 00:50:28 error: SQLITE_ERROR: no such table: issues
2023-12-05 00:50:28 error: SQLITE_ERROR: no such table: issues
2023-12-05 00:50:28 error: SQLITE_ERROR: no such table: issues
2023-12-05 00:50:28 error: SQLITE_ERROR: no such table: issues
2023-12-05 00:50:28 error: SQLITE_ERROR: no such table: issues
2023-12-05 00:50:28 error: SQLITE_ERROR: no such table: issues
2023-12-05 00:50:28 error: SQLITE_ERROR: no such table: issues
2023-12-05 00:50:28 error: SQLITE_ERROR: no such table: issues
2023-12-05 00:50:28 error: SQLITE_ERROR: no such table: issues
2023-12-05 00:50:28 error: SQLITE_ERROR: no such table: issues
2023-12-05 00:50:28 error: SQLITE_ERROR: no such table: issues
2023-12-05 00:50:28 error: SQLITE_ERROR: no such table: issues
2023-12-05 00:50:28 error: SQLITE_ERROR: no such table: issues
2023-12-05 00:50:28 error: SQLITE_ERROR: no such table: issues
2023-12-05 00:50:28 error: SQLITE_ERROR: no such table: issues
2023-12-05 00:50:28 error: SQLITE_ERROR: no such table: issues
2023-12-05 00:50:28 error: SQLITE_ERROR: no such table: issues
2023-12-05 00:50:28 error: SQLITE_ERROR: no such table: issues
2023-12-05 00:50:28 error: SQLITE_ERROR: no such table: issues
2023-12-05 00:50:28 error: SQLITE_ERROR: no such table: issues
2023-12-05 00:50:28 error: SQLITE_ERROR: no such table: issues
2023-12-05 00:50:28 error: SQLITE_ERROR: no such table: issues
2023-12-05 00:50:28 error: SQLITE_ERROR: no such table: issues
2023-12-05 00:50:29 error: SQLITE_ERROR: no such table: issues
2023-12-05 00:50:29 error: SQLITE_ERROR: no such table: issues
2023-12-05 00:50:29 error: SQLITE_ERROR: no such table: issues
2023-12-05 00:50:29 error: SQLITE_ERROR: no such table: issues
2023-12-05 00:50:29 error: SQLITE_ERROR: no such table: issues
2023-12-05 00:50:29 error: SQLITE_ERROR: no such table: issues
2023-12-05 00:50:29 error: SQLITE_ERROR: no such table: issues
2023-12-05 00:50:29 error: SQLITE_ERROR: no such table: issues
2023-12-05 00:50:29 error: SQLITE_ERROR: no such table: issues
2023-12-05 00:50:29 error: SQLITE_ERROR: no such table: issues
2023-12-05 00:50:29 error: SQLITE_ERROR: no such table: issues
2023-12-05 00:50:29 error: SQLITE_ERROR: no such table: issues
2023-12-05 00:50:29 error: SQLITE_ERROR: no such table: issues
2023-12-05 00:50:29 error: SQLITE_ERROR: no such table: issues
2023-12-05 00:50:29 error: SQLITE_ERROR: no such table: issues
2023-12-05 00:50:29 error: SQLITE_ERROR: no such table: issues
2023-12-05 00:50:29 error: SQLITE_ERROR: no such table: issues
2023-12-05 00:50:29 error: SQLITE_ERROR: no such table: issues
2023-12-05 00:50:32 error: SQLITE_ERROR: no such table: issues
2023-12-05 00:50:33 error: SQLITE_ERROR: no such table: issues
2023-12-05 00:50:33 error: SQLITE_ERROR: no such table: issues
2023-12-05 00:50:33 error: SQLITE_ERROR: no such table: issues
2023-12-05 00:50:33 error: SQLITE_ERROR: no such table: issues
2023-12-05 00:50:33 error: SQLITE_ERROR: no such table: issues
2023-12-05 00:50:33 error: SQLITE_ERROR: no such table: issues
2023-12-05 00:50:33 error: SQLITE_ERROR: no such table: issues
2023-12-05 00:50:33 error: SQLITE_ERROR: no such table: issues
2023-12-05 00:50:33 error: SQLITE_ERROR: no such table: issues
2023-12-05 00:50:33 error: SQLITE_ERROR: no such table: issues
2023-12-05 00:50:33 error: SQLITE_ERROR: no such table: issues
2023-12-05 00:50:33 error: SQLITE_ERROR: no such table: issues
2023-12-05 00:50:33 error: SQLITE_ERROR: no such table: issues
2023-12-05 00:50:33 error: SQLITE_ERROR: no such table: issues
2023-12-05 00:50:33 error: SQLITE_ERROR: no such table: issues
2023-12-05 00:50:33 error: SQLITE_ERROR: no such table: issues
2023-12-05 00:50:33 error: SQLITE_ERROR: no such table: issues
2023-12-05 00:50:33 error: SQLITE_ERROR: no such table: issues
2023-12-05 00:50:33 error: SQLITE_ERROR: no such table: issues
2023-12-05 00:50:33 error: SQLITE_ERROR: no such table: issues
2023-12-05 00:50:33 error: SQLITE_ERROR: no such table: issues
2023-12-05 00:50:33 error: SQLITE_ERROR: no such table: issues
2023-12-05 00:50:33 error: SQLITE_ERROR: no such table: issues
2023-12-05 00:50:33 error: SQLITE_ERROR: no such table: issues
2023-12-05 00:50:33 error: SQLITE_ERROR: no such table: issues
2023-12-05 00:50:33 error: SQLITE_ERROR: no such table: issues
2023-12-05 00:50:33 error: SQLITE_ERROR: no such table: issues
2023-12-05 00:50:33 error: SQLITE_ERROR: no such table: issues
2023-12-05 00:50:33 error: SQLITE_ERROR: no such table: issues
2023-12-05 00:50:33 error: SQLITE_ERROR: no such table: issues
2023-12-05 00:50:33 error: SQLITE_ERROR: no such table: issues
2023-12-05 00:50:33 error: SQLITE_ERROR: no such table: issues
2023-12-05 00:50:33 error: SQLITE_ERROR: no such table: issues
2023-12-05 00:50:33 error: SQLITE_ERROR: no such table: issues
2023-12-05 00:50:33 error: SQLITE_ERROR: no such table: issues
2023-12-05 00:50:33 error: SQLITE_ERROR: no such table: issues
2023-12-05 00:50:33 error: SQLITE_ERROR: no such table: issues
2023-12-05 00:50:33 error: SQLITE_ERROR: no such table: issues
2023-12-05 00:50:33 error: SQLITE_ERROR: no such table: issues
2023-12-05 00:50:33 error: SQLITE_ERROR: no such table: issues
2023-12-05 00:50:33 error: SQLITE_ERROR: no such table: issues
2023-12-05 00:50:33 error: SQLITE_ERROR: no such table: issues
2023-12-05 00:50:33 error: SQLITE_ERROR: no such table: issues
2023-12-05 00:50:33 error: SQLITE_ERROR: no such table: issues
2023-12-05 00:50:33 error: SQLITE_ERROR: no such table: issues
2023-12-05 00:50:33 error: SQLITE_ERROR: no such table: issues
2023-12-05 00:50:33 error: SQLITE_ERROR: no such table: issues
2023-12-05 00:50:33 error: SQLITE_ERROR: no such table: issues
2023-12-05 00:50:33 error: SQLITE_ERROR: no such table: issues
2023-12-05 00:50:33 error: SQLITE_ERROR: no such table: issues
2023-12-05 00:50:33 error: SQLITE_ERROR: no such table: issues
2023-12-05 00:50:33 error: SQLITE_ERROR: no such table: issues
2023-12-05 00:50:33 error: SQLITE_ERROR: no such table: issues
2023-12-05 00:50:33 error: SQLITE_ERROR: no such table: issues
2023-12-05 00:50:33 error: SQLITE_ERROR: no such table: issues
2023-12-05 00:50:33 error: SQLITE_ERROR: no such table: issues
2023-12-05 00:50:33 error: SQLITE_ERROR: no such table: issues
2023-12-05 00:50:33 error: SQLITE_ERROR: no such table: issues
2023-12-05 00:50:33 error: SQLITE_ERROR: no such table: issues
2023-12-05 00:50:33 error: SQLITE_ERROR: no such table: issues
2023-12-05 00:50:34 error: SQLITE_ERROR: no such table: issues
2023-12-05 00:50:34 error: SQLITE_ERROR: no such table: issues
2023-12-05 00:50:34 error: SQLITE_ERROR: no such table: issues
2023-12-05 00:50:34 error: SQLITE_ERROR: no such table: issues
2023-12-05 00:50:34 error: SQLITE_ERROR: no such table: issues
2023-12-05 00:50:34 error: SQLITE_ERROR: no such table: issues
2023-12-05 00:50:34 error: SQLITE_ERROR: no such table: issues
2023-12-05 00:50:34 error: SQLITE_ERROR: no such table: issues
2023-12-05 00:50:34 error: SQLITE_ERROR: no such table: issues
2023-12-05 00:50:34 error: SQLITE_ERROR: no such table: issues
2023-12-05 00:50:34 error: SQLITE_ERROR: no such table: issues
2023-12-05 00:50:34 error: SQLITE_ERROR: no such table: issues
2023-12-05 00:50:34 error: SQLITE_ERROR: no such table: issues
2023-12-05 00:50:34 error: SQLITE_ERROR: no such table: issues
2023-12-05 00:50:34 error: SQLITE_ERROR: no such table: issues
2023-12-05 00:50:34 error: SQLITE_ERROR: no such table: issues
2023-12-05 00:50:34 error: SQLITE_ERROR: no such table: issues
2023-12-05 00:50:34 error: SQLITE_ERROR: no such table: issues
2023-12-05 00:50:34 error: SQLITE_ERROR: no such table: issues
2023-12-05 00:50:34 error: SQLITE_ERROR: no such table: issues
2023-12-05 00:50:34 error: SQLITE_ERROR: no such table: issues
2023-12-05 00:50:35 error: SQLITE_ERROR: no such table: issues
2023-12-05 00:50:35 error: SQLITE_ERROR: no such table: issues
2023-12-05 00:50:35 error: SQLITE_ERROR: no such table: issues
2023-12-05 00:50:35 error: SQLITE_ERROR: no such table: issues
2023-12-05 00:50:35 error: SQLITE_ERROR: no such table: issues
2023-12-05 00:50:35 error: SQLITE_ERROR: no such table: issues
2023-12-05 00:50:35 error: SQLITE_ERROR: no such table: issues
2023-12-05 00:50:35 error: SQLITE_ERROR: no such table: issues
2023-12-05 00:50:35 error: SQLITE_ERROR: no such table: issues
2023-12-05 00:50:35 error: SQLITE_ERROR: no such table: issues
2023-12-05 00:50:35 error: SQLITE_ERROR: no such table: issues
2023-12-05 00:50:35 error: SQLITE_ERROR: no such table: issues
2023-12-05 00:50:35 error: SQLITE_ERROR: no such table: issues
2023-12-05 00:50:35 error: SQLITE_ERROR: no such table: issues
2023-12-05 00:50:35 error: SQLITE_ERROR: no such table: issues
2023-12-05 00:50:35 error: SQLITE_ERROR: no such table: issues
2023-12-05 00:50:35 error: SQLITE_ERROR: no such table: issues
2023-12-05 00:50:35 error: SQLITE_ERROR: no such table: issues
2023-12-05 00:50:35 error: SQLITE_ERROR: no such table: issues
2023-12-05 00:50:38 error: SQLITE_ERROR: no such table: issues
2023-12-05 00:50:38 error: SQLITE_ERROR: no such table: issues
2023-12-05 00:50:40 error: SQLITE_ERROR: no such table: issues
2023-12-05 00:50:42 error: SQLITE_ERROR: no such table: issues
2023-12-05 00:50:47 error: SQLITE_ERROR: no such table: issues
2023-12-05 00:50:48 error: SQLITE_ERROR: no such table: issues
2023-12-05 00:50:48 error: SQLITE_ERROR: no such table: issues
2023-12-05 00:50:48 error: SQLITE_ERROR: no such table: issues
2023-12-05 00:50:48 error: SQLITE_ERROR: no such table: issues
2023-12-05 00:50:48 error: SQLITE_ERROR: no such table: issues
2023-12-05 00:50:48 error: SQLITE_ERROR: no such table: issues
2023-12-05 00:50:48 error: SQLITE_ERROR: no such table: issues
2023-12-05 00:50:48 error: SQLITE_ERROR: no such table: issues
2023-12-05 00:50:48 error: SQLITE_ERROR: no such table: issues
2023-12-05 00:50:48 error: SQLITE_ERROR: no such table: issues
2023-12-05 00:50:48 error: SQLITE_ERROR: no such table: issues
2023-12-05 00:50:48 error: SQLITE_ERROR: no such table: issues
2023-12-05 00:50:48 error: SQLITE_ERROR: no such table: issues
2023-12-05 00:50:48 error: SQLITE_ERROR: no such table: issues
2023-12-05 00:50:48 error: SQLITE_ERROR: no such table: issues
2023-12-05 00:50:48 error: SQLITE_ERROR: no such table: issues
2023-12-05 00:50:49 error: SQLITE_ERROR: no such table: issues
2023-12-05 00:50:49 error: SQLITE_ERROR: no such table: issues
2023-12-05 00:50:49 error: SQLITE_ERROR: no such table: issues
2023-12-05 00:50:49 error: SQLITE_ERROR: no such table: issues
2023-12-05 00:50:49 error: SQLITE_ERROR: no such table: issues
2023-12-05 00:50:49 error: SQLITE_ERROR: no such table: issues
2023-12-05 00:50:51 error: SQLITE_ERROR: no such table: issues
2023-12-05 00:50:51 error: SQLITE_ERROR: no such table: issues
2023-12-05 00:50:51 error: SQLITE_ERROR: no such table: issues
2023-12-05 00:50:51 error: SQLITE_ERROR: no such table: issues
2023-12-05 00:50:51 error: SQLITE_ERROR: no such table: issues
2023-12-05 00:50:53 error: SQLITE_ERROR: no such table: issues
2023-12-05 00:50:53 error: SQLITE_ERROR: no such table: issues
2023-12-05 00:50:53 error: SQLITE_ERROR: no such table: issues
2023-12-05 00:50:53 error: SQLITE_ERROR: no such table: issues
2023-12-05 00:50:53 error: SQLITE_ERROR: no such table: issues
2023-12-05 00:50:53 error: SQLITE_ERROR: no such table: issues
2023-12-05 00:50:53 error: SQLITE_ERROR: no such table: issues
2023-12-05 00:50:53 error: SQLITE_ERROR: no such table: issues
2023-12-05 00:50:53 error: SQLITE_ERROR: no such table: issues
2023-12-05 00:50:53 error: SQLITE_ERROR: no such table: issues
2023-12-05 00:50:53 error: SQLITE_ERROR: no such table: issues
2023-12-05 00:50:53 error: SQLITE_ERROR: no such table: issues
2023-12-05 00:50:53 error: SQLITE_ERROR: no such table: issues
2023-12-05 00:50:53 error: SQLITE_ERROR: no such table: issues
2023-12-05 00:50:53 error: SQLITE_ERROR: no such table: issues
2023-12-05 00:50:53 error: SQLITE_ERROR: no such table: issues
2023-12-05 00:50:53 error: SQLITE_ERROR: no such table: issues
2023-12-05 00:50:53 error: SQLITE_ERROR: no such table: issues
2023-12-05 00:50:53 error: SQLITE_ERROR: no such table: issues
2023-12-05 00:50:58 error: SQLITE_ERROR: no such table: issues
2023-12-05 00:50:59 error: SQLITE_ERROR: no such table: issues
2023-12-05 00:51:00 error: SQLITE_ERROR: no such table: issues
2023-12-05 00:51:01 error: SQLITE_ERROR: no such table: issues
2023-12-05 00:51:02 error: SQLITE_ERROR: no such table: issues
2023-12-05 00:51:02 error: SQLITE_ERROR: no such table: issues
2023-12-05 00:51:05 error: SQLITE_ERROR: no such table: issues
2023-12-05 00:51:06 error: SQLITE_ERROR: no such table: issues
2023-12-05 01:28:54 error: SQLITE_ERROR: no such table: issues
